$ storybook build --output-dir /var/folders/b4/f5mc95jx2_x738zhh_q_3f1w0000gn/T/chromatic--86271-RXOzZzGRZKxE
@storybook/cli v7.6.17

info => Cleaning outputDir: /var/folders/b4/f5mc95jx2_x738zhh_q_3f1w0000gn/T/chromatic--86271-RXOzZzGRZKxE
info => Loading presets
info => Building manager..
info => Manager built (81 ms)
info => Building preview..
info => Copying static files: /Users/hong/Desktop/workspace/demo/taskbox/node_modules/@storybook/manager/static at /var/folders/b4/f5mc95jx2_x738zhh_q_3f1w0000gn/T/chromatic--86271-RXOzZzGRZKxE/sb-common-assets
info => Copying static files: /Users/hong/Desktop/workspace/demo/taskbox/public at /var/folders/b4/f5mc95jx2_x738zhh_q_3f1w0000gn/T/chromatic--86271-RXOzZzGRZKxE/
vite v4.5.2 building for production...
transforming...
✓ 848 modules transformed.
rendering chunks...
computing gzip size...
../../../../../../var/folders/b4/f5mc95jx2_x738zhh_q_3f1w0000gn/T/chromatic--86271-RXOzZzGRZKxE/iframe.html                                     12.58 kB │ gzip:   3.58 kB
../../../../../../var/folders/b4/f5mc95jx2_x738zhh_q_3f1w0000gn/T/chromatic--86271-RXOzZzGRZKxE/assets/percolate-dac75269.ttf                   34.04 kB
../../../../../../var/folders/b4/f5mc95jx2_x738zhh_q_3f1w0000gn/T/chromatic--86271-RXOzZzGRZKxE/assets/percolate-ec979d96.woff                  34.11 kB
../../../../../../var/folders/b4/f5mc95jx2_x738zhh_q_3f1w0000gn/T/chromatic--86271-RXOzZzGRZKxE/assets/percolate-5ed633c2.eot                   34.21 kB
../../../../../../var/folders/b4/f5mc95jx2_x738zhh_q_3f1w0000gn/T/chromatic--86271-RXOzZzGRZKxE/assets/percolate-d13fa91b.svg                  140.51 kB │ gzip:  47.50 kB
../../../../../../var/folders/b4/f5mc95jx2_x738zhh_q_3f1w0000gn/T/chromatic--86271-RXOzZzGRZKxE/assets/preview-dd25d82c.css                      6.87 kB │ gzip:   2.06 kB
../../../../../../var/folders/b4/f5mc95jx2_x738zhh_q_3f1w0000gn/T/chromatic--86271-RXOzZzGRZKxE/assets/_commonjs-dynamic-modules-302442b1.js     0.24 kB │ gzip:   0.19 kB
../../../../../../var/folders/b4/f5mc95jx2_x738zhh_q_3f1w0000gn/T/chromatic--86271-RXOzZzGRZKxE/assets/WithTooltip-V3YHNWJZ-03f246ee.js          0.44 kB │ gzip:   0.27 kB
../../../../../../var/folders/b4/f5mc95jx2_x738zhh_q_3f1w0000gn/T/chromatic--86271-RXOzZzGRZKxE/assets/syntaxhighlighter-B5GMVT5T-e6c9c6e5.js    0.45 kB │ gzip:   0.29 kB
../../../../../../var/folders/b4/f5mc95jx2_x738zhh_q_3f1w0000gn/T/chromatic--86271-RXOzZzGRZKxE/assets/preview-36375471.js                       0.51 kB │ gzip:   0.33 kB
../../../../../../var/folders/b4/f5mc95jx2_x738zhh_q_3f1w0000gn/T/chromatic--86271-RXOzZzGRZKxE/assets/index-3fd0d1ea.js                         0.58 kB │ gzip:   0.35 kB
../../../../../../var/folders/b4/f5mc95jx2_x738zhh_q_3f1w0000gn/T/chromatic--86271-RXOzZzGRZKxE/assets/preview-73104b77.js                       0.64 kB │ gzip:   0.44 kB
../../../../../../var/folders/b4/f5mc95jx2_x738zhh_q_3f1w0000gn/T/chromatic--86271-RXOzZzGRZKxE/assets/_commonjsHelpers-de833af9.js              0.69 kB │ gzip:   0.38 kB
../../../../../../var/folders/b4/f5mc95jx2_x738zhh_q_3f1w0000gn/T/chromatic--86271-RXOzZzGRZKxE/assets/index-356e4a49.js                         0.77 kB │ gzip:   0.47 kB
../../../../../../var/folders/b4/f5mc95jx2_x738zhh_q_3f1w0000gn/T/chromatic--86271-RXOzZzGRZKxE/assets/index-8d47fad6.js                         0.80 kB │ gzip:   0.52 kB
../../../../../../var/folders/b4/f5mc95jx2_x738zhh_q_3f1w0000gn/T/chromatic--86271-RXOzZzGRZKxE/assets/preview-0ef86afd.js                       0.86 kB │ gzip:   0.55 kB
../../../../../../var/folders/b4/f5mc95jx2_x738zhh_q_3f1w0000gn/T/chromatic--86271-RXOzZzGRZKxE/assets/preview-c372b61b.js                       1.04 kB │ gzip:   0.67 kB
../../../../../../var/folders/b4/f5mc95jx2_x738zhh_q_3f1w0000gn/T/chromatic--86271-RXOzZzGRZKxE/assets/entry-preview-fb6629d6.js                 1.12 kB │ gzip:   0.66 kB
../../../../../../var/folders/b4/f5mc95jx2_x738zhh_q_3f1w0000gn/T/chromatic--86271-RXOzZzGRZKxE/assets/index-11d98b33.js                         2.59 kB │ gzip:   1.26 kB
../../../../../../var/folders/b4/f5mc95jx2_x738zhh_q_3f1w0000gn/T/chromatic--86271-RXOzZzGRZKxE/assets/preview-30b54f76.js                       3.21 kB │ gzip:   1.37 kB
../../../../../../var/folders/b4/f5mc95jx2_x738zhh_q_3f1w0000gn/T/chromatic--86271-RXOzZzGRZKxE/assets/Task.stories-cd71f1f7.js                  3.66 kB │ gzip:   1.54 kB
../../../../../../var/folders/b4/f5mc95jx2_x738zhh_q_3f1w0000gn/T/chromatic--86271-RXOzZzGRZKxE/assets/iframe-7a1f631d.js                        4.64 kB │ gzip:   1.67 kB
../../../../../../var/folders/b4/f5mc95jx2_x738zhh_q_3f1w0000gn/T/chromatic--86271-RXOzZzGRZKxE/assets/preview-d01b88e8.js                       5.23 kB │ gzip:   2.39 kB
../../../../../../var/folders/b4/f5mc95jx2_x738zhh_q_3f1w0000gn/T/chromatic--86271-RXOzZzGRZKxE/assets/index-76fb7be0.js                         7.16 kB │ gzip:   2.91 kB
../../../../../../var/folders/b4/f5mc95jx2_x738zhh_q_3f1w0000gn/T/chromatic--86271-RXOzZzGRZKxE/assets/preview-da31036b.js                       7.62 kB │ gzip:   1.56 kB
../../../../../../var/folders/b4/f5mc95jx2_x738zhh_q_3f1w0000gn/T/chromatic--86271-RXOzZzGRZKxE/assets/preview-c56bf6ac.js                       8.28 kB │ gzip:   3.16 kB
../../../../../../var/folders/b4/f5mc95jx2_x738zhh_q_3f1w0000gn/T/chromatic--86271-RXOzZzGRZKxE/assets/index-da07a199.js                        13.61 kB │ gzip:   5.08 kB
../../../../../../var/folders/b4/f5mc95jx2_x738zhh_q_3f1w0000gn/T/chromatic--86271-RXOzZzGRZKxE/assets/Color-6VNJS4EI-ed404a7a.js               17.64 kB │ gzip:   6.75 kB
../../../../../../var/folders/b4/f5mc95jx2_x738zhh_q_3f1w0000gn/T/chromatic--86271-RXOzZzGRZKxE/assets/TaskList.stories-881d9940.js             32.61 kB │ gzip:  12.13 kB
../../../../../../var/folders/b4/f5mc95jx2_x738zhh_q_3f1w0000gn/T/chromatic--86271-RXOzZzGRZKxE/assets/preview-8ff2212f.js                      34.23 kB │ gzip:  13.36 kB
../../../../../../var/folders/b4/f5mc95jx2_x738zhh_q_3f1w0000gn/T/chromatic--86271-RXOzZzGRZKxE/assets/preview-2d30111f.js                      72.16 kB │ gzip:  24.38 kB
../../../../../../var/folders/b4/f5mc95jx2_x738zhh_q_3f1w0000gn/T/chromatic--86271-RXOzZzGRZKxE/assets/_getPrototype-1e53b583.js                78.40 kB │ gzip:  23.40 kB
../../../../../../var/folders/b4/f5mc95jx2_x738zhh_q_3f1w0000gn/T/chromatic--86271-RXOzZzGRZKxE/assets/react-18-236157c6.js                    134.55 kB │ gzip:  43.45 kB
../../../../../../var/folders/b4/f5mc95jx2_x738zhh_q_3f1w0000gn/T/chromatic--86271-RXOzZzGRZKxE/assets/entry-preview-docs-24dc1f7d.js          212.43 kB │ gzip:  65.86 kB
../../../../../../var/folders/b4/f5mc95jx2_x738zhh_q_3f1w0000gn/T/chromatic--86271-RXOzZzGRZKxE/assets/index-d17c83b1.js                       375.59 kB │ gzip: 115.75 kB
../../../../../../var/folders/b4/f5mc95jx2_x738zhh_q_3f1w0000gn/T/chromatic--86271-RXOzZzGRZKxE/assets/DocsRenderer-NNNQARDV-554b1eeb.js       540.46 kB │ gzip: 175.83 kB
../../../../../../var/folders/b4/f5mc95jx2_x738zhh_q_3f1w0000gn/T/chromatic--86271-RXOzZzGRZKxE/assets/axe-18789938.js                         556.58 kB │ gzip: 152.75 kB
../../../../../../var/folders/b4/f5mc95jx2_x738zhh_q_3f1w0000gn/T/chromatic--86271-RXOzZzGRZKxE/assets/InboxScreen.stories-c867392b.js         563.38 kB │ gzip: 148.91 kB
../../../../../../var/folders/b4/f5mc95jx2_x738zhh_q_3f1w0000gn/T/chromatic--86271-RXOzZzGRZKxE/assets/formatter-SWP5E3XI-e240badd.js          601.64 kB │ gzip: 185.06 kB
✓ built in 5.72s
info => Preview built (6.02 s)
info => Output directory: /var/folders/b4/f5mc95jx2_x738zhh_q_3f1w0000gn/T/chromatic--86271-RXOzZzGRZKxE
